<?xml version="1.0" encoding="UTF-8"?>
<testng-results ignored="0" total="1" passed="1" failed="0" skipped="0">
  <reporter-output>
  </reporter-output>
  <suite started-at="2023-01-14T22:08:29Z" name="Default suite" finished-at="2023-01-14T22:08:31Z" duration-ms="1894">
    <groups>
    </groups>
    <test started-at="2023-01-14T22:08:29Z" name="Default test" finished-at="2023-01-14T22:08:31Z" duration-ms="1894">
      <class name="com.google.qa.FirstTest">
        <test-method signature="f()[pri:0, instance:com.google.qa.FirstTest@5a5338df]" started-at="2023-01-14T22:08:29Z" name="f" finished-at="2023-01-14T22:08:31Z" duration-ms="1884" status="PASS">
          <reporter-output>
          </reporter-output>
        </test-method> <!-- f -->
      </class> <!-- com.google.qa.FirstTest -->
    </test> <!-- Default test -->
  </suite> <!-- Default suite -->
</testng-results>
